\BOOKMARK [0][-]{chapter*.1}{Sommario}{}% 1
\BOOKMARK [0][-]{chapter.1}{Profilo dell'Azienda}{}% 2
\BOOKMARK [1][-]{section.1.1}{Cosa offre l'Azienda: Prodotti e Servizi}{chapter.1}% 3
\BOOKMARK [2][-]{subsection.1.1.1}{I Prodotti di ARPAV}{section.1.1}% 4
\BOOKMARK [2][-]{subsection.1.1.2}{I Servizi di ARPAV}{section.1.1}% 5
\BOOKMARK [1][-]{section.1.2}{Strategie Aziendali}{chapter.1}% 6
\BOOKMARK [2][-]{subsection.1.2.1}{Processi di Sviluppo}{section.1.2}% 7
\BOOKMARK [2][-]{subsection.1.2.2}{Metodologie di Supporto ai Processi}{section.1.2}% 8
\BOOKMARK [2][-]{subsection.1.2.3}{Strumenti di Supporto ai Processi}{section.1.2}% 9
\BOOKMARK [2][-]{subsection.1.2.4}{Tecnologie Utilizzate}{section.1.2}% 10
\BOOKMARK [1][-]{section.1.3}{Target Clienti}{chapter.1}% 11
\BOOKMARK [2][-]{subsection.1.3.1}{Clienti Diretti}{section.1.3}% 12
\BOOKMARK [2][-]{subsection.1.3.2}{Clienti Secondari}{section.1.3}% 13
\BOOKMARK [0][-]{chapter.2}{Lo Stage per Azienda}{}% 14
\BOOKMARK [1][-]{section.2.1}{Presentazione del Progetto}{chapter.2}% 15
\BOOKMARK [2][-]{subsection.2.1.1}{Obbiettivo dello Stage}{section.2.1}% 16
\BOOKMARK [2][-]{subsection.2.1.2}{Finalit\340 del Progetto}{section.2.1}% 17
\BOOKMARK [1][-]{section.2.2}{Vincoli di Progetto}{chapter.2}% 18
\BOOKMARK [2][-]{subsection.2.2.1}{Vincoli di Dominio}{section.2.2}% 19
\BOOKMARK [2][-]{subsection.2.2.2}{Vincoli Tecnologici}{section.2.2}% 20
\BOOKMARK [2][-]{subsection.2.2.3}{Vincoli Metodologici}{section.2.2}% 21
\BOOKMARK [2][-]{subsection.2.2.4}{Vincoli Temporali}{section.2.2}% 22
\BOOKMARK [0][-]{chapter.3}{L'Attivit\340 di Stage}{}% 23
\BOOKMARK [1][-]{section.3.1}{Pianificazione del Lavoro}{chapter.3}% 24
\BOOKMARK [2][-]{subsection.3.1.1}{Problematiche Riscontrate}{section.3.1}% 25
\BOOKMARK [1][-]{section.3.2}{Preparazione al Lavoro di Stage}{chapter.3}% 26
\BOOKMARK [2][-]{subsection.3.2.1}{Studio del Dominio}{section.3.2}% 27
\BOOKMARK [2][-]{subsection.3.2.2}{Studio delle Tecnologie}{section.3.2}% 28
\BOOKMARK [1][-]{section.3.3}{L'Utilizzo dei Prototipi}{chapter.3}% 29
\BOOKMARK [1][-]{section.3.4}{Attivit\340 di Analisi}{chapter.3}% 30
\BOOKMARK [2][-]{subsection.3.4.1}{Classificazione dei Requisiti}{section.3.4}% 31
\BOOKMARK [2][-]{subsection.3.4.2}{Individuazione dei Requisiti}{section.3.4}% 32
\BOOKMARK [2][-]{subsection.3.4.3}{Casi d'Uso}{section.3.4}% 33
\BOOKMARK [2][-]{subsection.3.4.4}{Dettagli Meritevoli}{section.3.4}% 34
\BOOKMARK [1][-]{section.3.5}{Progettazione Architetturale}{chapter.3}% 35
